  ConsoleApplication1.cpp
d:\git\c-plus-plus\path\section_02\firstapp\consoleapplication1\consoleapplication1.cpp(32): error C2679: binary '<<': no operator found which takes a right-hand operand of type 'Person' (or there is no acceptable conversion)
  d:\softwares\microsoft visual studio\2017\community\vc\tools\msvc\14.10.25017\include\ostream(488): note: could be 'std::basic_ostream<char,std::char_traits<char>> &std::basic_ostream<char,std::char_traits<char>>::operator <<(std::basic_streambuf<char,std::char_traits<char>> *)'
  d:\softwares\microsoft visual studio\2017\community\vc\tools\msvc\14.10.25017\include\ostream(468): note: or       'std::basic_ostream<char,std::char_traits<char>> &std::basic_ostream<char,std::char_traits<char>>::operator <<(const void *)'
  d:\softwares\microsoft visual studio\2017\community\vc\tools\msvc\14.10.25017\include\ostream(448): note: or       'std::basic_ostream<char,std::char_traits<char>> &std::basic_ostream<char,std::char_traits<char>>::operator <<(long double)'
  d:\softwares\microsoft visual studio\2017\community\vc\tools\msvc\14.10.25017\include\ostream(428): note: or       'std::basic_ostream<char,std::char_traits<char>> &std::basic_ostream<char,std::char_traits<char>>::operator <<(double)'
  d:\softwares\microsoft visual studio\2017\community\vc\tools\msvc\14.10.25017\include\ostream(408): note: or       'std::basic_ostream<char,std::char_traits<char>> &std::basic_ostream<char,std::char_traits<char>>::operator <<(float)'
  d:\softwares\microsoft visual studio\2017\community\vc\tools\msvc\14.10.25017\include\ostream(388): note: or       'std::basic_ostream<char,std::char_traits<char>> &std::basic_ostream<char,std::char_traits<char>>::operator <<(unsigned __int64)'
  d:\softwares\microsoft visual studio\2017\community\vc\tools\msvc\14.10.25017\include\ostream(368): note: or       'std::basic_ostream<char,std::char_traits<char>> &std::basic_ostream<char,std::char_traits<char>>::operator <<(__int64)'
  d:\softwares\microsoft visual studio\2017\community\vc\tools\msvc\14.10.25017\include\ostream(348): note: or       'std::basic_ostream<char,std::char_traits<char>> &std::basic_ostream<char,std::char_traits<char>>::operator <<(unsigned long)'
  d:\softwares\microsoft visual studio\2017\community\vc\tools\msvc\14.10.25017\include\ostream(328): note: or       'std::basic_ostream<char,std::char_traits<char>> &std::basic_ostream<char,std::char_traits<char>>::operator <<(long)'
  d:\softwares\microsoft visual studio\2017\community\vc\tools\msvc\14.10.25017\include\ostream(308): note: or       'std::basic_ostream<char,std::char_traits<char>> &std::basic_ostream<char,std::char_traits<char>>::operator <<(unsigned int)'
  d:\softwares\microsoft visual studio\2017\community\vc\tools\msvc\14.10.25017\include\ostream(283): note: or       'std::basic_ostream<char,std::char_traits<char>> &std::basic_ostream<char,std::char_traits<char>>::operator <<(int)'
  d:\softwares\microsoft visual studio\2017\community\vc\tools\msvc\14.10.25017\include\ostream(263): note: or       'std::basic_ostream<char,std::char_traits<char>> &std::basic_ostream<char,std::char_traits<char>>::operator <<(unsigned short)'
  d:\softwares\microsoft visual studio\2017\community\vc\tools\msvc\14.10.25017\include\ostream(229): note: or       'std::basic_ostream<char,std::char_traits<char>> &std::basic_ostream<char,std::char_traits<char>>::operator <<(short)'
  d:\softwares\microsoft visual studio\2017\community\vc\tools\msvc\14.10.25017\include\ostream(209): note: or       'std::basic_ostream<char,std::char_traits<char>> &std::basic_ostream<char,std::char_traits<char>>::operator <<(bool)'
  d:\softwares\microsoft visual studio\2017\community\vc\tools\msvc\14.10.25017\include\ostream(203): note: or       'std::basic_ostream<char,std::char_traits<char>> &std::basic_ostream<char,std::char_traits<char>>::operator <<(std::ios_base &(__cdecl *)(std::ios_base &))'
  d:\softwares\microsoft visual studio\2017\community\vc\tools\msvc\14.10.25017\include\ostream(197): note: or       'std::basic_ostream<char,std::char_traits<char>> &std::basic_ostream<char,std::char_traits<char>>::operator <<(std::basic_ios<char,std::char_traits<char>> &(__cdecl *)(std::basic_ios<char,std::char_traits<char>> &))'
  d:\softwares\microsoft visual studio\2017\community\vc\tools\msvc\14.10.25017\include\ostream(192): note: or       'std::basic_ostream<char,std::char_traits<char>> &std::basic_ostream<char,std::char_traits<char>>::operator <<(std::basic_ostream<char,std::char_traits<char>> &(__cdecl *)(std::basic_ostream<char,std::char_traits<char>> &))'
  d:\softwares\microsoft visual studio\2017\community\vc\tools\msvc\14.10.25017\include\ostream(684): note: or       'std::basic_ostream<char,std::char_traits<char>> &std::operator <<<char,std::char_traits<char>>(std::basic_ostream<char,std::char_traits<char>> &,const char *)'
  d:\softwares\microsoft visual studio\2017\community\vc\tools\msvc\14.10.25017\include\ostream(731): note: or       'std::basic_ostream<char,std::char_traits<char>> &std::operator <<<char,std::char_traits<char>>(std::basic_ostream<char,std::char_traits<char>> &,char)'
  d:\softwares\microsoft visual studio\2017\community\vc\tools\msvc\14.10.25017\include\ostream(769): note: or       'std::basic_ostream<char,std::char_traits<char>> &std::operator <<<std::char_traits<char>>(std::basic_ostream<char,std::char_traits<char>> &,const char *)'
  d:\softwares\microsoft visual studio\2017\community\vc\tools\msvc\14.10.25017\include\ostream(816): note: or       'std::basic_ostream<char,std::char_traits<char>> &std::operator <<<std::char_traits<char>>(std::basic_ostream<char,std::char_traits<char>> &,char)'
  d:\softwares\microsoft visual studio\2017\community\vc\tools\msvc\14.10.25017\include\ostream(942): note: or       'std::basic_ostream<char,std::char_traits<char>> &std::operator <<<std::char_traits<char>>(std::basic_ostream<char,std::char_traits<char>> &,const signed char *)'
  d:\softwares\microsoft visual studio\2017\community\vc\tools\msvc\14.10.25017\include\ostream(949): note: or       'std::basic_ostream<char,std::char_traits<char>> &std::operator <<<std::char_traits<char>>(std::basic_ostream<char,std::char_traits<char>> &,signed char)'
  d:\softwares\microsoft visual studio\2017\community\vc\tools\msvc\14.10.25017\include\ostream(956): note: or       'std::basic_ostream<char,std::char_traits<char>> &std::operator <<<std::char_traits<char>>(std::basic_ostream<char,std::char_traits<char>> &,const unsigned char *)'
  d:\softwares\microsoft visual studio\2017\community\vc\tools\msvc\14.10.25017\include\ostream(963): note: or       'std::basic_ostream<char,std::char_traits<char>> &std::operator <<<std::char_traits<char>>(std::basic_ostream<char,std::char_traits<char>> &,unsigned char)'
  d:\softwares\microsoft visual studio\2017\community\vc\tools\msvc\14.10.25017\include\ostream(973): note: or       'std::basic_ostream<char,std::char_traits<char>> &std::operator <<<char,std::char_traits<char>,T>(std::basic_ostream<char,std::char_traits<char>> &&,const _Ty &)'
          with
          [
              T=Person,
              _Ty=Person
          ]
  d:\softwares\microsoft visual studio\2017\community\vc\tools\msvc\14.10.25017\include\ostream(1011): note: or       'std::basic_ostream<char,std::char_traits<char>> &std::operator <<<char,std::char_traits<char>>(std::basic_ostream<char,std::char_traits<char>> &,const std::error_code &)'
  d:\git\c-plus-plus\path\section_02\firstapp\consoleapplication1\consoleapplication1.cpp(32): note: while trying to match the argument list '(std::ostream, Person)'
  Accumulator.cpp
  Generating Code...
